-------------------------------------------------------------------------------
Test set: com.baeldung.jtademo.JtaDemoUnitTest
-------------------------------------------------------------------------------
Tests run: 4, Failures: 0, Errors: 4, Skipped: 0, Time elapsed: 4.753 s <<< FAILURE! - in com.baeldung.jtademo.JtaDemoUnitTest
givenProgrammaticTx_whenCommit_thenAllCommitted  Time elapsed: 1.809 s  <<< ERROR!
org.hibernate.boot.MappingNotFoundException: Mapping (RESOURCE) not found : TransferLog.hbm.xml : origin(TransferLog.hbm.xml)
	at com.baeldung.jtademo.JtaDemoUnitTest.givenProgrammaticTx_whenCommit_thenAllCommitted(JtaDemoUnitTest.java:74)

givenAnnotationTx_whenException_thenAllRolledBack  Time elapsed: 0.089 s  <<< ERROR!
org.hibernate.boot.MappingNotFoundException: Mapping (RESOURCE) not found : TransferLog.hbm.xml : origin(TransferLog.hbm.xml)
	at com.baeldung.jtademo.JtaDemoUnitTest.givenAnnotationTx_whenException_thenAllRolledBack(JtaDemoUnitTest.java:63)

givenAnnotationTx_whenNoException_thenAllCommitted  Time elapsed: 0.069 s  <<< ERROR!
org.hibernate.boot.MappingNotFoundException: Mapping (RESOURCE) not found : TransferLog.hbm.xml : origin(TransferLog.hbm.xml)
	at com.baeldung.jtademo.JtaDemoUnitTest.givenAnnotationTx_whenNoException_thenAllCommitted(JtaDemoUnitTest.java:48)

givenProgrammaticTx_whenRollback_thenAllRolledBack  Time elapsed: 0.084 s  <<< ERROR!
org.hibernate.boot.MappingNotFoundException: Mapping (RESOURCE) not found : TransferLog.hbm.xml : origin(TransferLog.hbm.xml)
	at com.baeldung.jtademo.JtaDemoUnitTest.givenProgrammaticTx_whenRollback_thenAllRolledBack(JtaDemoUnitTest.java:89)

