<?xml version="1.0" encoding="UTF-8"?>
<testsuite xmlns:xsi="http://www.w3.org/2001/XMLSchema-instance" xsi:noNamespaceSchemaLocation="https://maven.apache.org/surefire/maven-surefire-plugin/xsd/surefire-test-report.xsd" name="com.baeldung.jtademo.JtaDemoUnitTest" time="4.753" tests="4" errors="4" skipped="0" failures="0">
  <properties>
[...]
</properties>
  <testcase name="givenProgrammaticTx_whenCommit_thenAllCommitted" classname="com.baeldung.jtademo.JtaDemoUnitTest" time="1.809">
    <error message="Mapping (RESOURCE) not found : TransferLog.hbm.xml : origin(TransferLog.hbm.xml)" type="org.hibernate.boot.MappingNotFoundException">org.hibernate.boot.MappingNotFoundException: Mapping (RESOURCE) not found : TransferLog.hbm.xml : origin(TransferLog.hbm.xml)
	at com.baeldung.jtademo.JtaDemoUnitTest.givenProgrammaticTx_whenCommit_thenAllCommitted(JtaDemoUnitTest.java:74)
</error>
    <system-out><![CDATA[17:19:06.497 [main] DEBUG org.springframework.test.context.junit4.SpringJUnit4ClassRunner - SpringJUnit4ClassRunner constructor called with [class com.baeldung.jtademo.JtaDemoUnitTest]
17:19:06.502 [main] DEBUG org.springframework.test.context.BootstrapUtils - Instantiating CacheAwareContextLoaderDelegate from class [org.springframework.test.context.cache.DefaultCacheAwareContextLoaderDelegate]
17:19:06.544 [main] DEBUG org.springframework.test.context.BootstrapUtils - Instantiating BootstrapContext using constructor [public org.springframework.test.context.support.DefaultBootstrapContext(java.lang.Class,org.springframework.test.context.CacheAwareContextLoaderDelegate)]
17:19:06.556 [main] DEBUG org.springframework.test.context.BootstrapUtils - Instantiating TestContextBootstrapper for test class [com.baeldung.jtademo.JtaDemoUnitTest] from class [org.springframework.boot.test.context.SpringBootTestContextBootstrapper]
17:19:06.583 [main] INFO org.springframework.boot.test.context.SpringBootTestContextBootstrapper - Neither @ContextConfiguration nor @ContextHierarchy found for test class [com.baeldung.jtademo.JtaDemoUnitTest], using SpringBootContextLoader
17:19:06.585 [main] DEBUG org.springframework.test.context.support.AbstractContextLoader - Did not detect default resource location for test class [com.baeldung.jtademo.JtaDemoUnitTest]: class path resource [com/baeldung/jtademo/JtaDemoUnitTest-context.xml] does not exist
17:19:06.585 [main] DEBUG org.springframework.test.context.support.AbstractContextLoader - Did not detect default resource location for test class [com.baeldung.jtademo.JtaDemoUnitTest]: class path resource [com/baeldung/jtademo/JtaDemoUnitTestContext.groovy] does not exist
17:19:06.585 [main] INFO org.springframework.test.context.support.AbstractContextLoader - Could not detect default resource locations for test class [com.baeldung.jtademo.JtaDemoUnitTest]: no resource found for suffixes {-context.xml, Context.groovy}.
17:19:06.684 [main] DEBUG org.springframework.test.context.support.ActiveProfilesUtils - Could not find an 'annotation declaring class' for annotation type [org.springframework.test.context.ActiveProfiles] and class [com.baeldung.jtademo.JtaDemoUnitTest]
17:19:06.898 [main] DEBUG org.springframework.boot.test.context.SpringBootTestContextBootstrapper - @TestExecutionListeners is not present for class [com.baeldung.jtademo.JtaDemoUnitTest]: using defaults.
17:19:06.898 [main] INFO org.springframework.boot.test.context.SpringBootTestContextBootstrapper - Loaded default TestExecutionListener class names from location [META-INF/spring.factories]: [org.springframework.boot.test.mock.mockito.MockitoTestExecutionListener, org.springframework.boot.test.mock.mockito.ResetMocksTestExecutionListener, org.springframework.boot.test.autoconfigure.restdocs.RestDocsTestExecutionListener, org.springframework.boot.test.autoconfigure.web.client.MockRestServiceServerResetTestExecutionListener, org.springframework.boot.test.autoconfigure.web.servlet.MockMvcPrintOnlyOnFailureTestExecutionListener, org.springframework.boot.test.autoconfigure.web.servlet.WebDriverTestExecutionListener, org.springframework.test.context.web.ServletTestExecutionListener, org.springframework.test.context.support.DirtiesContextBeforeModesTestExecutionListener, org.springframework.test.context.support.DependencyInjectionTestExecutionListener, org.springframework.test.context.support.DirtiesContextTestExecutionListener, org.springframework.test.context.transaction.TransactionalTestExecutionListener, org.springframework.test.context.jdbc.SqlScriptsTestExecutionListener]
17:19:06.913 [main] DEBUG org.springframework.boot.test.context.SpringBootTestContextBootstrapper - Skipping candidate TestExecutionListener [org.springframework.test.context.web.ServletTestExecutionListener] due to a missing dependency. Specify custom listener classes or make the default listener classes and their required dependencies available. Offending class: [javax/servlet/ServletContext]
17:19:06.919 [main] INFO org.springframework.boot.test.context.SpringBootTestContextBootstrapper - Using TestExecutionListeners: [org.springframework.test.context.support.DirtiesContextBeforeModesTestExecutionListener@38102d01, org.springframework.boot.test.mock.mockito.MockitoTestExecutionListener@37883b97, org.springframework.boot.test.autoconfigure.SpringBootDependencyInjectionTestExecutionListener@6ab778a, org.springframework.test.context.support.DirtiesContextTestExecutionListener@4e3958e7, org.springframework.test.context.transaction.TransactionalTestExecutionListener@77f80c04, org.springframework.test.context.jdbc.SqlScriptsTestExecutionListener@1dac5ef, org.springframework.boot.test.mock.mockito.ResetMocksTestExecutionListener@5c90e579, org.springframework.boot.test.autoconfigure.restdocs.RestDocsTestExecutionListener@58ea606c, org.springframework.boot.test.autoconfigure.web.client.MockRestServiceServerResetTestExecutionListener@6f45df59, org.springframework.boot.test.autoconfigure.web.servlet.MockMvcPrintOnlyOnFailureTestExecutionListener@38e79ae3, org.springframework.boot.test.autoconfigure.web.servlet.WebDriverTestExecutionListener@63070bab]
17:19:06.944 [main] DEBUG org.springframework.test.annotation.ProfileValueUtils - Retrieved @ProfileValueSourceConfiguration [null] for test class [com.baeldung.jtademo.JtaDemoUnitTest]
17:19:06.944 [main] DEBUG org.springframework.test.annotation.ProfileValueUtils - Retrieved ProfileValueSource type [class org.springframework.test.annotation.SystemProfileValueSource] for class [com.baeldung.jtademo.JtaDemoUnitTest]
17:19:07.096 [main] DEBUG org.springframework.test.annotation.ProfileValueUtils - Retrieved @ProfileValueSourceConfiguration [null] for test class [com.baeldung.jtademo.JtaDemoUnitTest]
17:19:07.096 [main] DEBUG org.springframework.test.annotation.ProfileValueUtils - Retrieved ProfileValueSource type [class org.springframework.test.annotation.SystemProfileValueSource] for class [com.baeldung.jtademo.JtaDemoUnitTest]
17:19:07.098 [main] DEBUG org.springframework.test.annotation.ProfileValueUtils - Retrieved @ProfileValueSourceConfiguration [null] for test class [com.baeldung.jtademo.JtaDemoUnitTest]
17:19:07.098 [main] DEBUG org.springframework.test.annotation.ProfileValueUtils - Retrieved ProfileValueSource type [class org.springframework.test.annotation.SystemProfileValueSource] for class [com.baeldung.jtademo.JtaDemoUnitTest]
17:19:07.098 [main] DEBUG org.springframework.test.annotation.ProfileValueUtils - Retrieved @ProfileValueSourceConfiguration [null] for test class [com.baeldung.jtademo.JtaDemoUnitTest]
17:19:07.099 [main] DEBUG org.springframework.test.annotation.ProfileValueUtils - Retrieved ProfileValueSource type [class org.springframework.test.annotation.SystemProfileValueSource] for class [com.baeldung.jtademo.JtaDemoUnitTest]
17:19:07.102 [main] DEBUG org.springframework.test.context.support.AbstractDirtiesContextTestExecutionListener - Before test class: context [DefaultTestContext@2053d869 testClass = JtaDemoUnitTest, testInstance = [null], testMethod = [null], testException = [null], mergedContextConfiguration = [MergedContextConfiguration@7a419da4 testClass = JtaDemoUnitTest, locations = '{}', classes = '{class com.baeldung.jtademo.JtaDemoApplication, class com.baeldung.jtademo.JtaDemoApplication}', contextInitializerClasses = '[]', activeProfiles = '{}', propertySourceLocations = '{}', propertySourceProperties = '{org.springframework.boot.test.context.SpringBootTestContextBootstrapper=true}', contextCustomizers = set[org.springframework.boot.test.context.filter.ExcludeFilterContextCustomizer@3d299e3, org.springframework.boot.test.json.DuplicateJsonObjectContextCustomizerFactory$DuplicateJsonObjectContextCustomizer@6f3b5d16, org.springframework.boot.test.mock.mockito.MockitoContextCustomizer@0, org.springframework.boot.test.web.client.TestRestTemplateContextCustomizer@71c8becc, org.springframework.boot.test.autoconfigure.properties.PropertyMappingContextCustomizer@0, org.springframework.boot.test.autoconfigure.web.servlet.WebDriverContextCustomizerFactory$Customizer@1d76aeea], contextLoader = 'org.springframework.boot.test.context.SpringBootContextLoader', parent = [null]], attributes = map[[empty]]], class annotated with @DirtiesContext [false] with mode [null].
17:19:07.103 [main] DEBUG org.springframework.test.annotation.ProfileValueUtils - Retrieved @ProfileValueSourceConfiguration [null] for test class [com.baeldung.jtademo.JtaDemoUnitTest]
17:19:07.103 [main] DEBUG org.springframework.test.annotation.ProfileValueUtils - Retrieved ProfileValueSource type [class org.springframework.test.annotation.SystemProfileValueSource] for class [com.baeldung.jtademo.JtaDemoUnitTest]
17:19:07.106 [main] DEBUG org.springframework.test.context.support.DependencyInjectionTestExecutionListener - Performing dependency injection for test context [[DefaultTestContext@2053d869 testClass = JtaDemoUnitTest, testInstance = com.baeldung.jtademo.JtaDemoUnitTest@fba92d3, testMethod = [null], testException = [null], mergedContextConfiguration = [MergedContextConfiguration@7a419da4 testClass = JtaDemoUnitTest, locations = '{}', classes = '{class com.baeldung.jtademo.JtaDemoApplication, class com.baeldung.jtademo.JtaDemoApplication}', contextInitializerClasses = '[]', activeProfiles = '{}', propertySourceLocations = '{}', propertySourceProperties = '{org.springframework.boot.test.context.SpringBootTestContextBootstrapper=true}', contextCustomizers = set[org.springframework.boot.test.context.filter.ExcludeFilterContextCustomizer@3d299e3, org.springframework.boot.test.json.DuplicateJsonObjectContextCustomizerFactory$DuplicateJsonObjectContextCustomizer@6f3b5d16, org.springframework.boot.test.mock.mockito.MockitoContextCustomizer@0, org.springframework.boot.test.web.client.TestRestTemplateContextCustomizer@71c8becc, org.springframework.boot.test.autoconfigure.properties.PropertyMappingContextCustomizer@0, org.springframework.boot.test.autoconfigure.web.servlet.WebDriverContextCustomizerFactory$Customizer@1d76aeea], contextLoader = 'org.springframework.boot.test.context.SpringBootContextLoader', parent = [null]], attributes = map[[empty]]]].
17:19:07.221 [main] DEBUG org.springframework.core.env.StandardEnvironment - Adding PropertySource 'systemProperties' with lowest search precedence
17:19:07.221 [main] DEBUG org.springframework.core.env.StandardEnvironment - Adding PropertySource 'systemEnvironment' with lowest search precedence
17:19:07.221 [main] DEBUG org.springframework.core.env.StandardEnvironment - Initialized StandardEnvironment with PropertySources [MapPropertySource@1041365481 {name='systemProperties', properties={java.runtime.name=OpenJDK Runtime Environment, sun.boot.library.path=/usr/lib/jvm/java-1.8.0-openjdk-1.8.0.201.b09-2.el7_6.x86_64/jre/lib/amd64, java.vm.version=25.201-b09, java.vm.vendor=Oracle Corporation, java.vendor.url=http://java.oracle.com/, path.separator=:, java.vm.name=OpenJDK 64-Bit Server VM, file.encoding.pkg=sun.io, user.country=US, sun.java.launcher=SUN_STANDARD, sun.os.patch.level=unknown, java.vm.specification.name=Java Virtual Machine Specification, user.dir=/root/JTA_example/tutorials/jta, java.runtime.version=1.8.0_201-b09, basedir=/root/JTA_example/tutorials/jta, java.awt.graphicsenv=sun.awt.X11GraphicsEnvironment, java.endorsed.dirs=/usr/lib/jvm/java-1.8.0-openjdk-1.8.0.201.b09-2.el7_6.x86_64/jre/lib/endorsed, os.arch=amd64, surefire.real.class.path=/root/JTA_example/tutorials/jta/target/surefire/surefirebooter1387406641978860550.jar, java.io.tmpdir=/tmp, line.separator=
, java.vm.specification.vendor=Oracle Corporation, os.name=Linux, sun.jnu.encoding=UTF-8, java.library.path=/usr/java/packages/lib/amd64:/usr/lib64:/lib64:/lib:/usr/lib, surefire.test.class.path=/root/JTA_example/tutorials/jta/target/test-classes:/root/JTA_example/tutorials/jta/target/classes:/root/.m2/repository/org/springframework/boot/spring-boot-starter-jta-bitronix/2.0.4.RELEASE/spring-boot-starter-jta-bitronix-2.0.4.RELEASE.jar:/root/.m2/repository/javax/jms/javax.jms-api/2.0.1/javax.jms-api-2.0.1.jar:/root/.m2/repository/javax/transaction/javax.transaction-api/1.2/javax.transaction-api-1.2.jar:/root/.m2/repository/org/codehaus/btm/btm/2.1.4/btm-2.1.4.jar:/root/.m2/repository/org/springframework/boot/spring-boot-starter-jdbc/2.0.4.RELEASE/spring-boot-starter-jdbc-2.0.4.RELEASE.jar:/root/.m2/repository/com/zaxxer/HikariCP/2.7.9/HikariCP-2.7.9.jar:/root/.m2/repository/org/springframework/spring-jdbc/5.0.8.RELEASE/spring-jdbc-5.0.8.RELEASE.jar:/root/.m2/repository/org/springframework/spring-beans/5.0.8.RELEASE/spring-beans-5.0.8.RELEASE.jar:/root/.m2/repository/org/springframework/spring-tx/5.0.8.RELEASE/spring-tx-5.0.8.RELEASE.jar:/root/.m2/repository/org/springframework/boot/spring-boot-starter/2.0.4.RELEASE/spring-boot-starter-2.0.4.RELEASE.jar:/root/.m2/repository/org/springframework/boot/spring-boot/2.0.4.RELEASE/spring-boot-2.0.4.RELEASE.jar:/root/.m2/repository/org/springframework/spring-context/5.0.8.RELEASE/spring-context-5.0.8.RELEASE.jar:/root/.m2/repository/org/springframework/spring-aop/5.0.8.RELEASE/spring-aop-5.0.8.RELEASE.jar:/root/.m2/repository/org/springframework/spring-expression/5.0.8.RELEASE/spring-expression-5.0.8.RELEASE.jar:/root/.m2/repository/org/springframework/boot/spring-boot-autoconfigure/2.0.4.RELEASE/spring-boot-autoconfigure-2.0.4.RELEASE.jar:/root/.m2/repository/org/springframework/boot/spring-boot-starter-logging/2.0.4.RELEASE/spring-boot-starter-logging-2.0.4.RELEASE.jar:/root/.m2/repository/org/apache/logging/log4j/log4j-to-slf4j/2.10.0/log4j-to-slf4j-2.10.0.jar:/root/.m2/repository/org/apache/logging/log4j/log4j-api/2.10.0/log4j-api-2.10.0.jar:/root/.m2/repository/org/slf4j/jul-to-slf4j/1.7.25/jul-to-slf4j-1.7.25.jar:/root/.m2/repository/javax/annotation/javax.annotation-api/1.3.2/javax.annotation-api-1.3.2.jar:/root/.m2/repository/org/springframework/spring-core/5.0.8.RELEASE/spring-core-5.0.8.RELEASE.jar:/root/.m2/repository/org/springframework/spring-jcl/5.0.8.RELEASE/spring-jcl-5.0.8.RELEASE.jar:/root/.m2/repository/org/yaml/snakeyaml/1.19/snakeyaml-1.19.jar:/root/.m2/repository/org/springframework/boot/spring-boot-starter-test/2.0.4.RELEASE/spring-boot-starter-test-2.0.4.RELEASE.jar:/root/.m2/repository/org/springframework/boot/spring-boot-test/2.0.4.RELEASE/spring-boot-test-2.0.4.RELEASE.jar:/root/.m2/repository/org/springframework/boot/spring-boot-test-autoconfigure/2.0.4.RELEASE/spring-boot-test-autoconfigure-2.0.4.RELEASE.jar:/root/.m2/repository/com/jayway/jsonpath/json-path/2.4.0/json-path-2.4.0.jar:/root/.m2/repository/net/minidev/json-smart/2.3/json-smart-2.3.jar:/root/.m2/repository/net/minidev/accessors-smart/1.2/accessors-smart-1.2.jar:/root/.m2/repository/org/ow2/asm/asm/5.0.4/asm-5.0.4.jar:/root/.m2/repository/org/assertj/assertj-core/3.9.1/assertj-core-3.9.1.jar:/root/.m2/repository/org/skyscreamer/jsonassert/1.5.0/jsonassert-1.5.0.jar:/root/.m2/repository/com/vaadin/external/google/android-json/0.0.20131108.vaadin1/android-json-0.0.20131108.vaadin1.jar:/root/.m2/repository/org/springframework/spring-test/5.0.8.RELEASE/spring-test-5.0.8.RELEASE.jar:/root/.m2/repository/org/xmlunit/xmlunit-core/2.5.1/xmlunit-core-2.5.1.jar:/root/.m2/repository/org/hsqldb/hsqldb/2.4.1/hsqldb-2.4.1.jar:/root/.m2/repository/org/hibernate/hibernate-core/5.4.0.Final/hibernate-core-5.4.0.Final.jar:/root/.m2/repository/org/jboss/logging/jboss-logging/3.3.2.Final/jboss-logging-3.3.2.Final.jar:/root/.m2/repository/javax/persistence/javax.persistence-api/2.2/javax.persistence-api-2.2.jar:/root/.m2/repository/org/javassist/javassist/3.24.0-GA/javassist-3.24.0-GA.jar:/root/.m2/repository/net/bytebuddy/byte-buddy/1.7.11/byte-buddy-1.7.11.jar:/root/.m2/repository/antlr/antlr/2.7.7/antlr-2.7.7.jar:/root/.m2/repository/org/jboss/spec/javax/transaction/jboss-transaction-api_1.2_spec/1.1.1.Final/jboss-transaction-api_1.2_spec-1.1.1.Final.jar:/root/.m2/repository/org/jboss/jandex/2.0.5.Final/jandex-2.0.5.Final.jar:/root/.m2/repository/com/fasterxml/classmate/1.3.4/classmate-1.3.4.jar:/root/.m2/repository/javax/activation/javax.activation-api/1.2.0/javax.activation-api-1.2.0.jar:/root/.m2/repository/org/dom4j/dom4j/2.1.1/dom4j-2.1.1.jar:/root/.m2/repository/org/hibernate/common/hibernate-commons-annotations/5.1.0.Final/hibernate-commons-annotations-5.1.0.Final.jar:/root/.m2/repository/javax/xml/bind/jaxb-api/2.3.0/jaxb-api-2.3.0.jar:/root/.m2/repository/org/glassfish/jaxb/jaxb-runtime/2.3.1/jaxb-runtime-2.3.1.jar:/root/.m2/repository/org/glassfish/jaxb/txw2/2.3.1/txw2-2.3.1.jar:/root/.m2/repository/com/sun/istack/istack-commons-runtime/3.0.7/istack-commons-runtime-3.0.7.jar:/root/.m2/repository/org/jvnet/staxex/stax-ex/1.8/stax-ex-1.8.jar:/root/.m2/repository/com/sun/xml/fastinfoset/FastInfoset/1.2.15/FastInfoset-1.2.15.jar:/root/.m2/repository/com/daedafusion/hibernate-utils/1.0/hibernate-utils-1.0.jar:/root/.m2/repository/com/daedafusion/configuration-core/1.0/configuration-core-1.0.jar:/root/.m2/repository/commons-codec/commons-codec/1.11/commons-codec-1.11.jar:/root/.m2/repository/commons-io/commons-io/1.3.2/commons-io-1.3.2.jar:/root/.m2/repository/log4j/log4j/1.2.17/log4j-1.2.17.jar:/root/.m2/repository/io/rest-assured/rest-assured/3.0.7/rest-assured-3.0.7.jar:/root/.m2/repository/org/codehaus/groovy/groovy/2.4.15/groovy-2.4.15.jar:/root/.m2/repository/org/codehaus/groovy/groovy-xml/2.4.15/groovy-xml-2.4.15.jar:/root/.m2/repository/org/apache/httpcomponents/httpclient/4.5.6/httpclient-4.5.6.jar:/root/.m2/repository/org/apache/httpcomponents/httpcore/4.4.10/httpcore-4.4.10.jar:/root/.m2/repository/org/apache/httpcomponents/httpmime/4.5.6/httpmime-4.5.6.jar:/root/.m2/repository/org/ccil/cowan/tagsoup/tagsoup/1.2.1/tagsoup-1.2.1.jar:/root/.m2/repository/io/rest-assured/json-path/3.0.7/json-path-3.0.7.jar:/root/.m2/repository/org/codehaus/groovy/groovy-json/2.4.15/groovy-json-2.4.15.jar:/root/.m2/repository/io/rest-assured/rest-assured-common/3.0.7/rest-assured-common-3.0.7.jar:/root/.m2/repository/io/rest-assured/xml-path/3.0.7/xml-path-3.0.7.jar:/root/.m2/repository/org/apache/commons/commons-lang3/3.7/commons-lang3-3.7.jar:/root/.m2/repository/org/slf4j/slf4j-api/1.7.21/slf4j-api-1.7.21.jar:/root/.m2/repository/ch/qos/logback/logback-classic/1.1.7/logback-classic-1.1.7.jar:/root/.m2/repository/ch/qos/logback/logback-core/1.1.7/logback-core-1.1.7.jar:/root/.m2/repository/org/slf4j/jcl-over-slf4j/1.7.21/jcl-over-slf4j-1.7.21.jar:/root/.m2/repository/junit/junit/4.12/junit-4.12.jar:/root/.m2/repository/org/junit/jupiter/junit-jupiter-engine/5.2.0/junit-jupiter-engine-5.2.0.jar:/root/.m2/repository/org/apiguardian/apiguardian-api/1.0.0/apiguardian-api-1.0.0.jar:/root/.m2/repository/org/junit/platform/junit-platform-engine/1.2.0/junit-platform-engine-1.2.0.jar:/root/.m2/repository/org/junit/jupiter/junit-jupiter-params/5.2.0/junit-jupiter-params-5.2.0.jar:/root/.m2/repository/org/junit/jupiter/junit-jupiter-api/5.2.0/junit-jupiter-api-5.2.0.jar:/root/.m2/repository/org/opentest4j/opentest4j/1.1.0/opentest4j-1.1.0.jar:/root/.m2/repository/org/junit/platform/junit-platform-commons/1.2.0/junit-platform-commons-1.2.0.jar:/root/.m2/repository/org/hamcrest/hamcrest-core/1.3/hamcrest-core-1.3.jar:/root/.m2/repository/org/hamcrest/hamcrest-library/1.3/hamcrest-library-1.3.jar:/root/.m2/repository/org/hamcrest/hamcrest-all/1.3/hamcrest-all-1.3.jar:/root/.m2/repository/org/mockito/mockito-core/2.21.0/mockito-core-2.21.0.jar:/root/.m2/repository/net/bytebuddy/byte-buddy-agent/1.7.11/byte-buddy-agent-1.7.11.jar:/root/.m2/repository/org/objenesis/objenesis/2.6/objenesis-2.6.jar:/root/.m2/repository/org/apache/maven/surefire/surefire-logger-api/2.21.0/surefire-logger-api-2.21.0.jar:, java.specification.name=Java Platform API Specification, java.class.version=52.0, sun.management.compiler=HotSpot 64-Bit Tiered Compilers, os.version=3.10.0-957.10.1.el7.x86_64, user.home=/root, user.timezone=America/New_York, java.awt.printerjob=sun.print.PSPrinterJob, file.encoding=UTF-8, java.specification.version=1.8, java.class.path=/root/JTA_example/tutorials/jta/target/test-classes:/root/JTA_example/tutorials/jta/target/classes:/root/.m2/repository/org/springframework/boot/spring-boot-starter-jta-bitronix/2.0.4.RELEASE/spring-boot-starter-jta-bitronix-2.0.4.RELEASE.jar:/root/.m2/repository/javax/jms/javax.jms-api/2.0.1/javax.jms-api-2.0.1.jar:/root/.m2/repository/javax/transaction/javax.transaction-api/1.2/javax.transaction-api-1.2.jar:/root/.m2/repository/org/codehaus/btm/btm/2.1.4/btm-2.1.4.jar:/root/.m2/repository/org/springframework/boot/spring-boot-starter-jdbc/2.0.4.RELEASE/spring-boot-starter-jdbc-2.0.4.RELEASE.jar:/root/.m2/repository/com/zaxxer/HikariCP/2.7.9/HikariCP-2.7.9.jar:/root/.m2/repository/org/springframework/spring-jdbc/5.0.8.RELEASE/spring-jdbc-5.0.8.RELEASE.jar:/root/.m2/repository/org/springframework/spring-beans/5.0.8.RELEASE/spring-beans-5.0.8.RELEASE.jar:/root/.m2/repository/org/springframework/spring-tx/5.0.8.RELEASE/spring-tx-5.0.8.RELEASE.jar:/root/.m2/repository/org/springframework/boot/spring-boot-starter/2.0.4.RELEASE/spring-boot-starter-2.0.4.RELEASE.jar:/root/.m2/repository/org/springframework/boot/spring-boot/2.0.4.RELEASE/spring-boot-2.0.4.RELEASE.jar:/root/.m2/repository/org/springframework/spring-context/5.0.8.RELEASE/spring-context-5.0.8.RELEASE.jar:/root/.m2/repository/org/springframework/spring-aop/5.0.8.RELEASE/spring-aop-5.0.8.RELEASE.jar:/root/.m2/repository/org/springframework/spring-expression/5.0.8.RELEASE/spring-expression-5.0.8.RELEASE.jar:/root/.m2/repository/org/springframework/boot/spring-boot-autoconfigure/2.0.4.RELEASE/spring-boot-autoconfigure-2.0.4.RELEASE.jar:/root/.m2/repository/org/springframework/boot/spring-boot-starter-logging/2.0.4.RELEASE/spring-boot-starter-logging-2.0.4.RELEASE.jar:/root/.m2/repository/org/apache/logging/log4j/log4j-to-slf4j/2.10.0/log4j-to-slf4j-2.10.0.jar:/root/.m2/repository/org/apache/logging/log4j/log4j-api/2.10.0/log4j-api-2.10.0.jar:/root/.m2/repository/org/slf4j/jul-to-slf4j/1.7.25/jul-to-slf4j-1.7.25.jar:/root/.m2/repository/javax/annotation/javax.annotation-api/1.3.2/javax.annotation-api-1.3.2.jar:/root/.m2/repository/org/springframework/spring-core/5.0.8.RELEASE/spring-core-5.0.8.RELEASE.jar:/root/.m2/repository/org/springframework/spring-jcl/5.0.8.RELEASE/spring-jcl-5.0.8.RELEASE.jar:/root/.m2/repository/org/yaml/snakeyaml/1.19/snakeyaml-1.19.jar:/root/.m2/repository/org/springframework/boot/spring-boot-starter-test/2.0.4.RELEASE/spring-boot-starter-test-2.0.4.RELEASE.jar:/root/.m2/repository/org/springframework/boot/spring-boot-test/2.0.4.RELEASE/spring-boot-test-2.0.4.RELEASE.jar:/root/.m2/repository/org/springframework/boot/spring-boot-test-autoconfigure/2.0.4.RELEASE/spring-boot-test-autoconfigure-2.0.4.RELEASE.jar:/root/.m2/repository/com/jayway/jsonpath/json-path/2.4.0/json-path-2.4.0.jar:/root/.m2/repository/net/minidev/json-smart/2.3/json-smart-2.3.jar:/root/.m2/repository/net/minidev/accessors-smart/1.2/accessors-smart-1.2.jar:/root/.m2/repository/org/ow2/asm/asm/5.0.4/asm-5.0.4.jar:/root/.m2/repository/org/assertj/assertj-core/3.9.1/assertj-core-3.9.1.jar:/root/.m2/repository/org/skyscreamer/jsonassert/1.5.0/jsonassert-1.5.0.jar:/root/.m2/repository/com/vaadin/external/google/android-json/0.0.20131108.vaadin1/android-json-0.0.20131108.vaadin1.jar:/root/.m2/repository/org/springframework/spring-test/5.0.8.RELEASE/spring-test-5.0.8.RELEASE.jar:/root/.m2/repository/org/xmlunit/xmlunit-core/2.5.1/xmlunit-core-2.5.1.jar:/root/.m2/repository/org/hsqldb/hsqldb/2.4.1/hsqldb-2.4.1.jar:/root/.m2/repository/org/hibernate/hibernate-core/5.4.0.Final/hibernate-core-5.4.0.Final.jar:/root/.m2/repository/org/jboss/logging/jboss-logging/3.3.2.Final/jboss-logging-3.3.2.Final.jar:/root/.m2/repository/javax/persistence/javax.persistence-api/2.2/javax.persistence-api-2.2.jar:/root/.m2/repository/org/javassist/javassist/3.24.0-GA/javassist-3.24.0-GA.jar:/root/.m2/repository/net/bytebuddy/byte-buddy/1.7.11/byte-buddy-1.7.11.jar:/root/.m2/repository/antlr/antlr/2.7.7/antlr-2.7.7.jar:/root/.m2/repository/org/jboss/spec/javax/transaction/jboss-transaction-api_1.2_spec/1.1.1.Final/jboss-transaction-api_1.2_spec-1.1.1.Final.jar:/root/.m2/repository/org/jboss/jandex/2.0.5.Final/jandex-2.0.5.Final.jar:/root/.m2/repository/com/fasterxml/classmate/1.3.4/classmate-1.3.4.jar:/root/.m2/repository/javax/activation/javax.activation-api/1.2.0/javax.activation-api-1.2.0.jar:/root/.m2/repository/org/dom4j/dom4j/2.1.1/dom4j-2.1.1.jar:/root/.m2/repository/org/hibernate/common/hibernate-commons-annotations/5.1.0.Final/hibernate-commons-annotations-5.1.0.Final.jar:/root/.m2/repository/javax/xml/bind/jaxb-api/2.3.0/jaxb-api-2.3.0.jar:/root/.m2/repository/org/glassfish/jaxb/jaxb-runtime/2.3.1/jaxb-runtime-2.3.1.jar:/root/.m2/repository/org/glassfish/jaxb/txw2/2.3.1/txw2-2.3.1.jar:/root/.m2/repository/com/sun/istack/istack-commons-runtime/3.0.7/istack-commons-runtime-3.0.7.jar:/root/.m2/repository/org/jvnet/staxex/stax-ex/1.8/stax-ex-1.8.jar:/root/.m2/repository/com/sun/xml/fastinfoset/FastInfoset/1.2.15/FastInfoset-1.2.15.jar:/root/.m2/repository/com/daedafusion/hibernate-utils/1.0/hibernate-utils-1.0.jar:/root/.m2/repository/com/daedafusion/configuration-core/1.0/configuration-core-1.0.jar:/root/.m2/repository/commons-codec/commons-codec/1.11/commons-codec-1.11.jar:/root/.m2/repository/commons-io/commons-io/1.3.2/commons-io-1.3.2.jar:/root/.m2/repository/log4j/log4j/1.2.17/log4j-1.2.17.jar:/root/.m2/repository/io/rest-assured/rest-assured/3.0.7/rest-assured-3.0.7.jar:/root/.m2/repository/org/codehaus/groovy/groovy/2.4.15/groovy-2.4.15.jar:/root/.m2/repository/org/codehaus/groovy/groovy-xml/2.4.15/groovy-xml-2.4.15.jar:/root/.m2/repository/org/apache/httpcomponents/httpclient/4.5.6/httpclient-4.5.6.jar:/root/.m2/repository/org/apache/httpcomponents/httpcore/4.4.10/httpcore-4.4.10.jar:/root/.m2/repository/org/apache/httpcomponents/httpmime/4.5.6/httpmime-4.5.6.jar:/root/.m2/repository/org/ccil/cowan/tagsoup/tagsoup/1.2.1/tagsoup-1.2.1.jar:/root/.m2/repository/io/rest-assured/json-path/3.0.7/json-path-3.0.7.jar:/root/.m2/repository/org/codehaus/groovy/groovy-json/2.4.15/groovy-json-2.4.15.jar:/root/.m2/repository/io/rest-assured/rest-assured-common/3.0.7/rest-assured-common-3.0.7.jar:/root/.m2/repository/io/rest-assured/xml-path/3.0.7/xml-path-3.0.7.jar:/root/.m2/repository/org/apache/commons/commons-lang3/3.7/commons-lang3-3.7.jar:/root/.m2/repository/org/slf4j/slf4j-api/1.7.21/slf4j-api-1.7.21.jar:/root/.m2/repository/ch/qos/logback/logback-classic/1.1.7/logback-classic-1.1.7.jar:/root/.m2/repository/ch/qos/logback/logback-core/1.1.7/logback-core-1.1.7.jar:/root/.m2/repository/org/slf4j/jcl-over-slf4j/1.7.21/jcl-over-slf4j-1.7.21.jar:/root/.m2/repository/junit/junit/4.12/junit-4.12.jar:/root/.m2/repository/org/junit/jupiter/junit-jupiter-engine/5.2.0/junit-jupiter-engine-5.2.0.jar:/root/.m2/repository/org/apiguardian/apiguardian-api/1.0.0/apiguardian-api-1.0.0.jar:/root/.m2/repository/org/junit/platform/junit-platform-engine/1.2.0/junit-platform-engine-1.2.0.jar:/root/.m2/repository/org/junit/jupiter/junit-jupiter-params/5.2.0/junit-jupiter-params-5.2.0.jar:/root/.m2/repository/org/junit/jupiter/junit-jupiter-api/5.2.0/junit-jupiter-api-5.2.0.jar:/root/.m2/repository/org/opentest4j/opentest4j/1.1.0/opentest4j-1.1.0.jar:/root/.m2/repository/org/junit/platform/junit-platform-commons/1.2.0/junit-platform-commons-1.2.0.jar:/root/.m2/repository/org/hamcrest/hamcrest-core/1.3/hamcrest-core-1.3.jar:/root/.m2/repository/org/hamcrest/hamcrest-library/1.3/hamcrest-library-1.3.jar:/root/.m2/repository/org/hamcrest/hamcrest-all/1.3/hamcrest-all-1.3.jar:/root/.m2/repository/org/mockito/mockito-core/2.21.0/mockito-core-2.21.0.jar:/root/.m2/repository/net/bytebuddy/byte-buddy-agent/1.7.11/byte-buddy-agent-1.7.11.jar:/root/.m2/repository/org/objenesis/objenesis/2.6/objenesis-2.6.jar:/root/.m2/repository/org/apache/maven/surefire/surefire-logger-api/2.21.0/surefire-logger-api-2.21.0.jar:, user.name=root, java.vm.specification.version=1.8, sun.java.command=/root/JTA_example/tutorials/jta/target/surefire/surefirebooter1387406641978860550.jar /root/JTA_example/tutorials/jta/target/surefire 2019-04-16T17-19-03_561-jvmRun1 surefire6769636849422049124tmp surefire_07765575606071917542tmp, java.home=/usr/lib/jvm/java-1.8.0-openjdk-1.8.0.201.b09-2.el7_6.x86_64/jre, sun.arch.data.model=64, user.language=en, java.specification.vendor=Oracle Corporation, awt.toolkit=sun.awt.X11.XToolkit, java.vm.info=mixed mode, java.version=1.8.0_201, java.ext.dirs=/usr/lib/jvm/java-1.8.0-openjdk-1.8.0.201.b09-2.el7_6.x86_64/jre/lib/ext:/usr/java/packages/lib/ext, sun.boot.class.path=/usr/lib/jvm/java-1.8.0-openjdk-1.8.0.201.b09-2.el7_6.x86_64/jre/lib/resources.jar:/usr/lib/jvm/java-1.8.0-openjdk-1.8.0.201.b09-2.el7_6.x86_64/jre/lib/rt.jar:/usr/lib/jvm/java-1.8.0-openjdk-1.8.0.201.b09-2.el7_6.x86_64/jre/lib/sunrsasign.jar:/usr/lib/jvm/java-1.8.0-openjdk-1.8.0.201.b09-2.el7_6.x86_64/jre/lib/jsse.jar:/usr/lib/jvm/java-1.8.0-openjdk-1.8.0.201.b09-2.el7_6.x86_64/jre/lib/jce.jar:/usr/lib/jvm/java-1.8.0-openjdk-1.8.0.201.b09-2.el7_6.x86_64/jre/lib/charsets.jar:/usr/lib/jvm/java-1.8.0-openjdk-1.8.0.201.b09-2.el7_6.x86_64/jre/lib/jfr.jar:/usr/lib/jvm/java-1.8.0-openjdk-1.8.0.201.b09-2.el7_6.x86_64/jre/classes, java.vendor=Oracle Corporation, localRepository=/root/.m2/repository, test.mime=json, file.separator=/, java.vendor.url.bug=http://bugreport.sun.com/bugreport/, sun.io.unicode.encoding=UnicodeLittle, sun.cpu.endian=little, sun.desktop=gnome, sun.cpu.isalist=}}, SystemEnvironmentPropertySource@501609049 {name='systemEnvironment', properties={PATH=/usr/local/sbin:/usr/local/bin:/sbin:/bin:/usr/sbin:/usr/bin:/root/bin, XAUTHORITY=/root/.Xauthority, IMSETTINGS_MODULE=none, HISTCONTROL=ignoredups, XMODIFIERS=@im=none, OXYGEN_DISABLE_INNER_SHADOWS_HACK=1, XDG_DATA_DIRS=/root/.local/share/flatpak/exports/share:/var/lib/flatpak/exports/share:/usr/local/share:/usr/share, QT_IM_MODULE=xim, HISTSIZE=1000, GTK_IM_MODULE=gtk-im-context-simple, TERM=xterm-256color, GNOME_TERMINAL_SERVICE=:1.98, DBUS_SESSION_BUS_ADDRESS=unix:abstract=/tmp/dbus-neELbHHeTl,guid=854a44c0f2857f775fbd3bef5cb63d71, LANG=en_US.UTF-8, XDG_SESSION_ID=1, XDG_CURRENT_DESKTOP=GNOME, DISPLAY=:2, MAIL=/var/spool/mail/root, SSH_AGENT_PID=12637, COLORTERM=truecolor, SESSION_MANAGER=local/unix:@/tmp/.ICE-unix/12374,unix/unix:/tmp/.ICE-unix/12374, LOGNAME=root, PWD=/root/JTA_example/tutorials/jta, _=/usr/lib/jvm/java-1.8.0-openjdk-1.8.0.201.b09-2.el7_6.x86_64/jre/bin/java, GJS_DEBUG_TOPICS=JS ERROR;JS LOG, LESSOPEN=||/usr/bin/lesspipe.sh %s, SHELL=/bin/bash, CVS_RSH=ssh, LIBOVERLAY_SCROLLBAR=0, GDK_CORE_DEVICE_EVENTS=1, OLDPWD=/root/JTA_example/tutorials/jta, USER=root, XDG_MENU_PREFIX=gnome-, WINDOWPATH=1, VTE_VERSION=5202, GNOME_DESKTOP_SESSION_ID=this-is-deprecated, GJS_DEBUG_OUTPUT=stderr, XDG_SEAT=seat0, SSH_AUTH_SOCK=/run/user/0/keyring/ssh, GNOME_TERMINAL_SCREEN=/org/gnome/Terminal/screen/a52acc25_bf92_4ff6_a77d_15197dd5f1af, HOSTNAME=localhost.localdomain, IMSETTINGS_INTEGRATE_DESKTOP=yes, GNOME_SHELL_SESSION_MODE=classic, XDG_RUNTIME_DIR=/run/user/0, LS_COLORS=rs=0:di=38;5;27:ln=38;5;51:mh=44;38;5;15:pi=40;38;5;11:so=38;5;13:do=38;5;5:bd=48;5;232;38;5;11:cd=48;5;232;38;5;3:or=48;5;232;38;5;9:mi=05;48;5;232;38;5;15:su=48;5;196;38;5;15:sg=48;5;11;38;5;16:ca=48;5;196;38;5;226:tw=48;5;10;38;5;16:ow=48;5;10;38;5;21:st=48;5;21;38;5;15:ex=38;5;34:*.tar=38;5;9:*.tgz=38;5;9:*.arc=38;5;9:*.arj=38;5;9:*.taz=38;5;9:*.lha=38;5;9:*.lz4=38;5;9:*.lzh=38;5;9:*.lzma=38;5;9:*.tlz=38;5;9:*.txz=38;5;9:*.tzo=38;5;9:*.t7z=38;5;9:*.zip=38;5;9:*.z=38;5;9:*.Z=38;5;9:*.dz=38;5;9:*.gz=38;5;9:*.lrz=38;5;9:*.lz=38;5;9:*.lzo=38;5;9:*.xz=38;5;9:*.bz2=38;5;9:*.bz=38;5;9:*.tbz=38;5;9:*.tbz2=38;5;9:*.tz=38;5;9:*.deb=38;5;9:*.rpm=38;5;9:*.jar=38;5;9:*.war=38;5;9:*.ear=38;5;9:*.sar=38;5;9:*.rar=38;5;9:*.alz=38;5;9:*.ace=38;5;9:*.zoo=38;5;9:*.cpio=38;5;9:*.7z=38;5;9:*.rz=38;5;9:*.cab=38;5;9:*.jpg=38;5;13:*.jpeg=38;5;13:*.gif=38;5;13:*.bmp=38;5;13:*.pbm=38;5;13:*.pgm=38;5;13:*.ppm=38;5;13:*.tga=38;5;13:*.xbm=38;5;13:*.xpm=38;5;13:*.tif=38;5;13:*.tiff=38;5;13:*.png=38;5;13:*.svg=38;5;13:*.svgz=38;5;13:*.mng=38;5;13:*.pcx=38;5;13:*.mov=38;5;13:*.mpg=38;5;13:*.mpeg=38;5;13:*.m2v=38;5;13:*.mkv=38;5;13:*.webm=38;5;13:*.ogm=38;5;13:*.mp4=38;5;13:*.m4v=38;5;13:*.mp4v=38;5;13:*.vob=38;5;13:*.qt=38;5;13:*.nuv=38;5;13:*.wmv=38;5;13:*.asf=38;5;13:*.rm=38;5;13:*.rmvb=38;5;13:*.flc=38;5;13:*.avi=38;5;13:*.fli=38;5;13:*.flv=38;5;13:*.gl=38;5;13:*.dl=38;5;13:*.xcf=38;5;13:*.xwd=38;5;13:*.yuv=38;5;13:*.cgm=38;5;13:*.emf=38;5;13:*.axv=38;5;13:*.anx=38;5;13:*.ogv=38;5;13:*.ogx=38;5;13:*.aac=38;5;45:*.au=38;5;45:*.flac=38;5;45:*.mid=38;5;45:*.midi=38;5;45:*.mka=38;5;45:*.mp3=38;5;45:*.mpc=38;5;45:*.ogg=38;5;45:*.ra=38;5;45:*.wav=38;5;45:*.axa=38;5;45:*.oga=38;5;45:*.spx=38;5;45:*.xspf=38;5;45:, XDG_VTNR=1, SHLVL=4, HOME=/root}}]
17:19:07.224 [main] DEBUG org.springframework.test.context.support.TestPropertySourceUtils - Adding inlined properties to environment: {spring.jmx.enabled=false, org.springframework.boot.test.context.SpringBootTestContextBootstrapper=true, server.port=-1}
17:19:07.224 [main] DEBUG org.springframework.core.env.StandardEnvironment - Adding PropertySource 'Inlined Test Properties' with highest search precedence

  .   ____          _            __ _ _
 /\\ / ___'_ __ _ _(_)_ __  __ _ \ \ \ \
( ( )\___ | '_ | '_| | '_ \/ _` | \ \ \ \
 \\/  ___)| |_)| | | | | || (_| |  ) ) ) )
  '  |____| .__|_| |_|_| |_\__, | / / / /
 =========|_|==============|___/=/_/_/_/
 :: Spring Boot ::        (v2.0.4.RELEASE)

2019-04-16 17:19:07.680  INFO 16721 --- [           main] com.baeldung.jtademo.JtaDemoUnitTest     : Starting JtaDemoUnitTest on localhost.localdomain with PID 16721 (started by root in /root/JTA_example/tutorials/jta)
2019-04-16 17:19:07.682  INFO 16721 --- [           main] com.baeldung.jtademo.JtaDemoUnitTest     : No active profile set, falling back to default profiles: default
2019-04-16 17:19:08.016  INFO 16721 --- [           main] s.c.a.AnnotationConfigApplicationContext : Refreshing org.springframework.context.annotation.AnnotationConfigApplicationContext@50f6ac94: startup date [Tue Apr 16 17:19:08 EDT 2019]; root of context hierarchy
2019-04-16 17:19:09.313  INFO 16721 --- [           main] bitronix.tm.BitronixTransactionManager   : Bitronix Transaction Manager version 2.1.4
2019-04-16 17:19:09.313  WARN 16721 --- [           main] bitronix.tm.Configuration                : cannot get this JVM unique ID. Make sure it is configured and you only use ASCII characters. Will use IP address instead (unsafe for production usage!).
2019-04-16 17:19:09.313  INFO 16721 --- [           main] bitronix.tm.Configuration                : JVM unique ID: <127.0.0.1>
2019-04-16 17:19:09.331  INFO 16721 --- [           main] bitronix.tm.recovery.Recoverer           : recovery committed 0 dangling transaction(s) and rolled back 0 aborted transaction(s) on 0 resource(s) [] (restricted to serverId '127.0.0.1')
2019-04-16 17:19:09.512  INFO 16721 --- [           main] o.s.t.jta.JtaTransactionManager          : Using JTA UserTransaction: a BitronixTransactionManager with 0 in-flight transaction(s)
2019-04-16 17:19:09.513  INFO 16721 --- [           main] o.s.t.jta.JtaTransactionManager          : Using JTA TransactionManager: a BitronixTransactionManager with 0 in-flight transaction(s)
2019-04-16 17:19:09.774  INFO 16721 --- [           main] com.baeldung.jtademo.JtaDemoUnitTest     : Started JtaDemoUnitTest in 2.549 seconds (JVM running for 4.042)
2019-04-16 17:19:10.512  INFO 16721 --- [           main] b.tm.recovery.IncrementalRecoverer       : incremental recovery committed 0 dangling transaction(s) and rolled back 0 aborted transaction(s) on resource [dataSourceAudit] (restricted to serverId '127.0.0.1')
2019-04-16 17:19:10.534  INFO 16721 --- [           main] o.s.jdbc.datasource.init.ScriptUtils     : Executing SQL script from class path resource [audit.sql]
2019-04-16 17:19:10.539  INFO 16721 --- [           main] o.s.jdbc.datasource.init.ScriptUtils     : Executed SQL script from class path resource [audit.sql] in 5 ms.
2019-04-16 17:19:10.615  INFO 16721 --- [           main] b.tm.recovery.IncrementalRecoverer       : incremental recovery committed 0 dangling transaction(s) and rolled back 0 aborted transaction(s) on resource [dataSourceAccount] (restricted to serverId '127.0.0.1')
2019-04-16 17:19:10.615  INFO 16721 --- [           main] o.s.jdbc.datasource.init.ScriptUtils     : Executing SQL script from class path resource [account.sql]
2019-04-16 17:19:10.616  INFO 16721 --- [           main] o.s.jdbc.datasource.init.ScriptUtils     : Executed SQL script from class path resource [account.sql] in 1 ms.
2019-04-16 17:19:10.953  INFO 16721 --- [           main] org.hibernate.Version                    : HHH000412: Hibernate Core {5.4.0.Final}
2019-04-16 17:19:10.954  INFO 16721 --- [           main] org.hibernate.cfg.Environment            : HHH000206: hibernate.properties not found
2019-04-16 17:19:11.440  INFO 16721 --- [           main] o.hibernate.annotations.common.Version   : HCANN000001: Hibernate Commons Annotations {5.1.0.Final}
]]></system-out>
  </testcase>
  <testcase name="givenAnnotationTx_whenException_thenAllRolledBack" classname="com.baeldung.jtademo.JtaDemoUnitTest" time="0.089">
    <error message="Mapping (RESOURCE) not found : TransferLog.hbm.xml : origin(TransferLog.hbm.xml)" type="org.hibernate.boot.MappingNotFoundException">org.hibernate.boot.MappingNotFoundException: Mapping (RESOURCE) not found : TransferLog.hbm.xml : origin(TransferLog.hbm.xml)
	at com.baeldung.jtademo.JtaDemoUnitTest.givenAnnotationTx_whenException_thenAllRolledBack(JtaDemoUnitTest.java:63)
</error>
    <system-out><![CDATA[2019-04-16 17:19:11.584  INFO 16721 --- [           main] o.s.jdbc.datasource.init.ScriptUtils     : Executing SQL script from class path resource [audit.sql]
2019-04-16 17:19:11.585  INFO 16721 --- [           main] o.s.jdbc.datasource.init.ScriptUtils     : Executed SQL script from class path resource [audit.sql] in 1 ms.
2019-04-16 17:19:11.585  INFO 16721 --- [           main] o.s.jdbc.datasource.init.ScriptUtils     : Executing SQL script from class path resource [account.sql]
2019-04-16 17:19:11.586  INFO 16721 --- [           main] o.s.jdbc.datasource.init.ScriptUtils     : Executed SQL script from class path resource [account.sql] in 1 ms.
]]></system-out>
  </testcase>
  <testcase name="givenAnnotationTx_whenNoException_thenAllCommitted" classname="com.baeldung.jtademo.JtaDemoUnitTest" time="0.069">
    <error message="Mapping (RESOURCE) not found : TransferLog.hbm.xml : origin(TransferLog.hbm.xml)" type="org.hibernate.boot.MappingNotFoundException">org.hibernate.boot.MappingNotFoundException: Mapping (RESOURCE) not found : TransferLog.hbm.xml : origin(TransferLog.hbm.xml)
	at com.baeldung.jtademo.JtaDemoUnitTest.givenAnnotationTx_whenNoException_thenAllCommitted(JtaDemoUnitTest.java:48)
</error>
    <system-out><![CDATA[2019-04-16 17:19:11.698  INFO 16721 --- [           main] o.s.jdbc.datasource.init.ScriptUtils     : Executing SQL script from class path resource [audit.sql]
2019-04-16 17:19:11.699  INFO 16721 --- [           main] o.s.jdbc.datasource.init.ScriptUtils     : Executed SQL script from class path resource [audit.sql] in 1 ms.
2019-04-16 17:19:11.699  INFO 16721 --- [           main] o.s.jdbc.datasource.init.ScriptUtils     : Executing SQL script from class path resource [account.sql]
2019-04-16 17:19:11.700  INFO 16721 --- [           main] o.s.jdbc.datasource.init.ScriptUtils     : Executed SQL script from class path resource [account.sql] in 1 ms.
]]></system-out>
  </testcase>
  <testcase name="givenProgrammaticTx_whenRollback_thenAllRolledBack" classname="com.baeldung.jtademo.JtaDemoUnitTest" time="0.084">
    <error message="Mapping (RESOURCE) not found : TransferLog.hbm.xml : origin(TransferLog.hbm.xml)" type="org.hibernate.boot.MappingNotFoundException">org.hibernate.boot.MappingNotFoundException: Mapping (RESOURCE) not found : TransferLog.hbm.xml : origin(TransferLog.hbm.xml)
	at com.baeldung.jtademo.JtaDemoUnitTest.givenProgrammaticTx_whenRollback_thenAllRolledBack(JtaDemoUnitTest.java:89)
</error>
    <system-out><![CDATA[2019-04-16 17:19:11.762  INFO 16721 --- [           main] o.s.jdbc.datasource.init.ScriptUtils     : Executing SQL script from class path resource [audit.sql]
2019-04-16 17:19:11.763  INFO 16721 --- [           main] o.s.jdbc.datasource.init.ScriptUtils     : Executed SQL script from class path resource [audit.sql] in 1 ms.
2019-04-16 17:19:11.763  INFO 16721 --- [           main] o.s.jdbc.datasource.init.ScriptUtils     : Executing SQL script from class path resource [account.sql]
2019-04-16 17:19:11.764  INFO 16721 --- [           main] o.s.jdbc.datasource.init.ScriptUtils     : Executed SQL script from class path resource [account.sql] in 1 ms.
]]></system-out>
  </testcase>
</testsuite>